<?xml version="1.0" encoding="UTF-8"?>
<!-- Generated by org.testng.reporters.JUnitReportReporter -->
<testsuite hostname="leomahesh-PC" name="TestAnnotation" tests="6" failures="0" timestamp="6 Aug 2018 08:07:55 GMT" time="90.761" errors="0">
  <testcase name="unitTest2A" time="8.693" classname="TestAnnotation"/>
  <testcase name="unitTest4A" time="16.255" classname="TestAnnotation"/>
  <testcase name="unitTest3A" time="5.486" classname="TestAnnotation"/>
  <testcase name="unitTest1A" time="40.998" classname="TestAnnotation"/>
  <testcase name="Number" time="10.220" classname="TestAnnotation"/>
  <testcase name="EnterString" time="9.109" classname="TestAnnotation"/>
</testsuite> <!-- TestAnnotation -->
