<?xml version="1.0" encoding="UTF-8"?>
<!-- Generated by org.testng.reporters.JUnitReportReporter -->
<testsuite hostname="leomahesh-PC" name="com.TestNGClasses.GoogleTest" tests="6" failures="0" timestamp="30 Jul 2019 09:47:34 GMT" time="75.868" errors="0">
  <testcase name="TestCase2" time="11.212" classname="com.TestNGClasses.GoogleTest"/>
  <testcase name="GoogleLogo" time="10.634" classname="com.TestNGClasses.GoogleTest"/>
  <testcase name="GoogleTitleTest" time="9.922" classname="com.TestNGClasses.GoogleTest"/>
  <testcase name="TestCase1" time="25.176" classname="com.TestNGClasses.GoogleTest"/>
  <testcase name="GmailLinkText" time="8.883" classname="com.TestNGClasses.GoogleTest"/>
  <testcase name="TestCase3" time="10.041" classname="com.TestNGClasses.GoogleTest"/>
</testsuite> <!-- com.TestNGClasses.GoogleTest -->
