<?xml version="1.0" encoding="UTF-8"?>
<!-- Generated by org.testng.reporters.JUnitReportReporter -->
<testsuite hostname="leomahesh-PC" name="com.TestNGClasses.TestNgBasic" tests="2" failures="0" timestamp="8 Jul 2019 12:25:31 GMT" time="0.007" errors="0">
  <testcase name="SearchPageTestCase_2" time="0.002" classname="com.TestNGClasses.TestNgBasic"/>
  <testcase name="GooglepagetitlepageTestCase_1" time="0.005" classname="com.TestNGClasses.TestNgBasic"/>
</testsuite> <!-- com.TestNGClasses.TestNgBasic -->
