<?xml version="1.0" encoding="UTF-8"?>
<!-- Generated by org.testng.reporters.JUnitReportReporter -->
<testsuite hostname="leomahesh-PC" name="TestCalculator" tests="3" failures="0" timestamp="23 Mar 2017 09:11:30 GMT" time="0.011" errors="0">
  <testcase name="testMultiply" time="0.002" classname="TestCalculator"/>
  <testcase name="testAdd" time="0.006" classname="TestCalculator"/>
  <testcase name="testSubtract" time="0.003" classname="TestCalculator"/>
</testsuite> <!-- TestCalculator -->
