<?xml version="1.0" encoding="UTF-8"?>
<!-- Generated by org.testng.reporters.JUnitReportReporter -->
<testsuite hostname="leomahesh-PC" name="ParameterDataproviderWithClassLevel" tests="3" failures="0" timestamp="28 Jan 2019 08:44:04 GMT" time="10.686" errors="0">
  <testcase name="testMethod" time="3.465" classname="ParameterDataproviderWithClassLevel"/>
  <testcase name="testMethod" time="3.561" classname="ParameterDataproviderWithClassLevel"/>
  <testcase name="testMethod" time="3.660" classname="ParameterDataproviderWithClassLevel"/>
</testsuite> <!-- ParameterDataproviderWithClassLevel -->
